<?xml version="1.0" encoding="UTF-8"?>
<!-- Generated by org.testng.reporters.JUnitReportReporter -->
<testsuite hostname="M5-L-85VC0G2" failures="0" tests="4" name="TestNG.TestNGdemo" time="3.167" errors="0" timestamp="07 Apr 2018 16:05:49 GMT" skipped="0">
  <testcase classname="TestNG.TestNGdemo" name="avideos" time="0.994"/>
  <testcase classname="TestNG.TestNGdemo" name="dmore" time="0.122"/>
  <testcase classname="TestNG.TestNGdemo" name="anews" time="0.876"/>
  <testcase classname="TestNG.TestNGdemo" name="bimages" time="1.175"/>
</testsuite> <!-- TestNG.TestNGdemo -->
