<?xml version="1.0" encoding="UTF-8"?>
<!-- Generated by org.testng.reporters.JUnitReportReporter -->
<testsuite hostname="M5-L-85VC0G2" failures="0" tests="2" name="TestNG.ExcelRW" time="80.594" errors="0" timestamp="23 Feb 2018 10:39:16 GMT" skipped="0">
  <testcase classname="TestNG.ExcelRW" name="excelRW" time="35.928"/>
  <testcase classname="TestNG.ExcelRW" name="excelRW" time="44.666"/>
</testsuite> <!-- TestNG.ExcelRW -->
