<?xml version="1.0" encoding="UTF-8"?>
<!-- Generated by org.testng.reporters.JUnitReportReporter -->
<testsuite hostname="M5-L-85VC0G2" failures="0" tests="1" name="TestNG.ExcelDemo" time="6.847" errors="0" timestamp="23 Feb 2018 10:39:16 GMT" skipped="0">
  <testcase classname="TestNG.ExcelDemo" name="ReadWrite" time="6.847"/>
</testsuite> <!-- TestNG.ExcelDemo -->
