<?xml version="1.0" encoding="UTF-8"?>
<!-- Generated by org.testng.reporters.JUnitReportReporter -->
<testsuite hostname="M5-L-85VC0G2" failures="0" tests="3" name="TestNG.ParameterDemo" time="13.950" errors="0" timestamp="23 Feb 2018 05:20:38 GMT" skipped="0">
  <testcase classname="TestNG.ParameterDemo" name="crmLogin" time="5.012"/>
  <testcase classname="TestNG.ParameterDemo" name="crmLogin" time="3.670"/>
  <testcase classname="TestNG.ParameterDemo" name="crmLogin" time="5.268"/>
</testsuite> <!-- TestNG.ParameterDemo -->
